<?xml version="1.0" encoding="UTF-8"?>
<!-- Generated by org.testng.reporters.JUnitReportReporter -->
<testsuite hostname="ubuntu" name="automation.NewTest" tests="1" failures="0" timestamp="11 Oct 2016 15:17:31 GMT" time="0.248" errors="0">
  <testcase name="DeutscheBank" time="0.248" classname="automation.NewTest"/>
</testsuite> <!-- automation.NewTest -->
